Change Component Designator: Old Designator=C? New Designator=C172
Change Component Designator: Old Designator=C? New Designator=C173
Change Component Designator: Old Designator=C? New Designator=C174
Change Component Designator: Old Designator=C? New Designator=C175
Change Component Designator: Old Designator=C? New Designator=C176
Change Component Designator: Old Designator=C? New Designator=C177
Change Component Designator: Old Designator=C? New Designator=C178
Change Component Designator: Old Designator=C? New Designator=C179
Change Component Designator: Old Designator=C? New Designator=C180
Change Component Designator: Old Designator=C? New Designator=C181
Change Component Designator: Old Designator=C? New Designator=C182
Change Component Designator: Old Designator=C? New Designator=C183
Change Component Designator: Old Designator=C? New Designator=C184
Change Component Designator: Old Designator=C? New Designator=C185
Change Component Designator: Old Designator=C? New Designator=C186
Change Component Designator: Old Designator=C? New Designator=C187
Change Component Designator: Old Designator=C? New Designator=C188
Change Component Designator: Old Designator=C? New Designator=C189
Change Component Designator: Old Designator=C? New Designator=C190
Change Component Designator: Old Designator=C? New Designator=C191
Change Component Designator: Old Designator=C? New Designator=C192
Change Component Designator: Old Designator=C? New Designator=C193
Change Component Designator: Old Designator=C? New Designator=C194
Change Component Designator: Old Designator=C? New Designator=C195
Change Component Designator: Old Designator=C? New Designator=C196
Change Component Designator: Old Designator=C? New Designator=C197
Change Component Designator: Old Designator=C? New Designator=C198
Change Component Designator: Old Designator=C? New Designator=C199
Change Component Designator: Old Designator=C? New Designator=C200
Change Component Designator: Old Designator=C? New Designator=C201
Change Component Designator: Old Designator=C? New Designator=C202
Change Component Designator: Old Designator=C? New Designator=C203
Change Component Designator: Old Designator=C? New Designator=C204
Change Component Designator: Old Designator=C? New Designator=C205
Change Component Designator: Old Designator=C? New Designator=C206
Change Component Designator: Old Designator=C? New Designator=C207
Change Component Designator: Old Designator=C? New Designator=C208
Change Component Designator: Old Designator=C? New Designator=C209
Change Component Designator: Old Designator=C? New Designator=C210
Change Component Designator: Old Designator=C? New Designator=C211
Change Component Designator: Old Designator=C? New Designator=C212
Change Component Designator: Old Designator=C? New Designator=C213
Change Component Designator: Old Designator=C? New Designator=C214
Change Component Designator: Old Designator=C? New Designator=C215
Change Component Designator: Old Designator=C? New Designator=C216
Change Component Designator: Old Designator=FB? New Designator=FB4
Change Component Designator: Old Designator=FB? New Designator=FB5
Change Component Designator: Old Designator=FB? New Designator=FB6
Change Component Designator: Old Designator=FB? New Designator=FB7
Change Component Designator: Old Designator=Q? New Designator=Q5
Change Component Designator: Old Designator=Q? New Designator=Q6
Change Component Designator: Old Designator=R? New Designator=R102
Change Component Designator: Old Designator=R? New Designator=R103
Change Component Designator: Old Designator=R? New Designator=R104
Change Component Designator: Old Designator=R? New Designator=R105
Change Component Designator: Old Designator=R? New Designator=R106
Change Component Designator: Old Designator=R? New Designator=R107
Change Component Designator: Old Designator=R? New Designator=R108
Change Component Designator: Old Designator=R? New Designator=R109
Change Component Designator: Old Designator=R? New Designator=R110
Change Component Designator: Old Designator=R? New Designator=R111
Change Component Designator: Old Designator=R? New Designator=R112
Change Component Designator: Old Designator=R? New Designator=R113
Change Component Designator: Old Designator=R? New Designator=R114
Change Component Designator: Old Designator=R? New Designator=R115
Change Component Designator: Old Designator=R? New Designator=R116
Change Component Designator: Old Designator=R? New Designator=R117
Change Component Designator: Old Designator=R? New Designator=R118
Change Component Designator: Old Designator=R? New Designator=R119
Change Component Designator: Old Designator=R? New Designator=R120
Change Component Designator: Old Designator=R? New Designator=R121
Change Component Designator: Old Designator=R? New Designator=R122
Change Component Designator: Old Designator=R? New Designator=R123
Change Component Designator: Old Designator=R? New Designator=R124
Change Component Designator: Old Designator=R? New Designator=R125
Change Component Designator: Old Designator=R? New Designator=R126
Change Component Designator: Old Designator=T? New Designator=T1
Change Component Designator: Old Designator=T? New Designator=T1
Change Component Designator: Old Designator=T? New Designator=T1
Change Component Designator: Old Designator=T? New Designator=T1
Change Component Designator: Old Designator=U? New Designator=U20
Change Component Designator: Old Designator=Y? New Designator=Y2
