Change Component Designator: Old Designator=D? New Designator=D13
Change Component Designator: Old Designator=D? New Designator=D14
Change Component Designator: Old Designator=D? New Designator=D15
Change Component Designator: Old Designator=D? New Designator=D16
Change Component Designator: Old Designator=D? New Designator=D17
Change Component Designator: Old Designator=D? New Designator=D18
Change Component Designator: Old Designator=D? New Designator=D19
Change Component Designator: Old Designator=D? New Designator=D20
Change Component Designator: Old Designator=H? New Designator=H1
Change Component Designator: Old Designator=Q? New Designator=Q19
Change Component Designator: Old Designator=R? New Designator=R170
Change Component Designator: Old Designator=R? New Designator=R171
Change Component Designator: Old Designator=R? New Designator=R172
Change Component Designator: Old Designator=R? New Designator=R173
Change Component Designator: Old Designator=R? New Designator=R174
Change Component Designator: Old Designator=R? New Designator=R175
Change Component Designator: Old Designator=R? New Designator=R176
Change Component Designator: Old Designator=R? New Designator=R177
Change Component Designator: Old Designator=R? New Designator=R178
Change Component Designator: Old Designator=R? New Designator=R179
Change Component Designator: Old Designator=R? New Designator=R180
Change Component Designator: Old Designator=R? New Designator=R181
Change Component Designator: Old Designator=R? New Designator=R182
Change Component Designator: Old Designator=R? New Designator=R183
Change Component Designator: Old Designator=R? New Designator=R184
Change Component Designator: Old Designator=R? New Designator=R185
Change Component Designator: Old Designator=R? New Designator=R186
Change Component Designator: Old Designator=R? New Designator=R187
Change Component Designator: Old Designator=SW? New Designator=SW1
Change Component Designator: Old Designator=SW? New Designator=SW1
Change Component Designator: Old Designator=SW? New Designator=SW1
Change Component Designator: Old Designator=SW? New Designator=SW1
Change Component Designator: Old Designator=SW? New Designator=SW2
Change Component Designator: Old Designator=SW? New Designator=SW3
Change Component Designator: Old Designator=SW? New Designator=SW4
Change Component Designator: Old Designator=SW? New Designator=SW5
